{"/home/abhishekyadav/newpro/routes/router.js":{"path":"/home/abhishekyadav/newpro/routes/router.js","s":{"1":1,"2":1,"3":1,"4":1,"5":1,"6":1,"7":0,"8":0,"9":0,"10":0,"11":0,"12":0,"13":0,"14":1,"15":0,"16":0,"17":0,"18":0,"19":0,"20":0,"21":0,"22":0,"23":0,"24":1,"25":0,"26":0,"27":1,"28":0,"29":0,"30":0,"31":0,"32":0,"33":0,"34":0,"35":0,"36":0,"37":0,"38":0,"39":1,"40":1,"41":0,"42":0,"43":1,"44":1},"b":{"1":[0,0],"2":[0,0],"3":[0,0]},"f":{"1":0,"2":0,"3":0,"4":0,"5":0,"6":0,"7":0,"8":0,"9":0},"fnMap":{"1":{"name":"(anonymous_1)","line":17,"loc":{"start":{"line":17,"column":18},"end":{"line":17,"column":37}}},"2":{"name":"(anonymous_2)","line":19,"loc":{"start":{"line":19,"column":38},"end":{"line":19,"column":58}}},"3":{"name":"(anonymous_3)","line":31,"loc":{"start":{"line":31,"column":22},"end":{"line":31,"column":41}}},"4":{"name":"(anonymous_4)","line":41,"loc":{"start":{"line":41,"column":50},"end":{"line":41,"column":69}}},"5":{"name":"(anonymous_5)","line":50,"loc":{"start":{"line":50,"column":21},"end":{"line":50,"column":40}}},"6":{"name":"(anonymous_6)","line":58,"loc":{"start":{"line":58,"column":24},"end":{"line":58,"column":43}}},"7":{"name":"(anonymous_7)","line":78,"loc":{"start":{"line":78,"column":181},"end":{"line":78,"column":200}}},"8":{"name":"(anonymous_8)","line":86,"loc":{"start":{"line":86,"column":24},"end":{"line":86,"column":43}}},"9":{"name":"(anonymous_9)","line":91,"loc":{"start":{"line":91,"column":13},"end":{"line":91,"column":24}}}},"statementMap":{"1":{"start":{"line":1,"column":0},"end":{"line":1,"column":43}},"2":{"start":{"line":2,"column":0},"end":{"line":2,"column":27}},"3":{"start":{"line":3,"column":0},"end":{"line":3,"column":40}},"4":{"start":{"line":4,"column":0},"end":{"line":4,"column":23}},"5":{"start":{"line":9,"column":0},"end":{"line":15,"column":3}},"6":{"start":{"line":17,"column":0},"end":{"line":29,"column":2}},"7":{"start":{"line":18,"column":1},"end":{"line":18,"column":46}},"8":{"start":{"line":19,"column":1},"end":{"line":28,"column":3}},"9":{"start":{"line":21,"column":2},"end":{"line":21,"column":21}},"10":{"start":{"line":21,"column":11},"end":{"line":21,"column":21}},"11":{"start":{"line":22,"column":2},"end":{"line":22,"column":30}},"12":{"start":{"line":24,"column":2},"end":{"line":26,"column":5}},"13":{"start":{"line":27,"column":2},"end":{"line":27,"column":12}},"14":{"start":{"line":31,"column":0},"end":{"line":48,"column":2}},"15":{"start":{"line":33,"column":1},"end":{"line":33,"column":29}},"16":{"start":{"line":34,"column":1},"end":{"line":38,"column":3}},"17":{"start":{"line":39,"column":1},"end":{"line":39,"column":23}},"18":{"start":{"line":40,"column":1},"end":{"line":40,"column":21}},"19":{"start":{"line":41,"column":1},"end":{"line":45,"column":3}},"20":{"start":{"line":42,"column":2},"end":{"line":42,"column":21}},"21":{"start":{"line":42,"column":11},"end":{"line":42,"column":21}},"22":{"start":{"line":44,"column":2},"end":{"line":44,"column":62}},"23":{"start":{"line":46,"column":1},"end":{"line":46,"column":19}},"24":{"start":{"line":50,"column":0},"end":{"line":56,"column":2}},"25":{"start":{"line":52,"column":1},"end":{"line":52,"column":34}},"26":{"start":{"line":54,"column":1},"end":{"line":54,"column":19}},"27":{"start":{"line":58,"column":0},"end":{"line":84,"column":2}},"28":{"start":{"line":60,"column":1},"end":{"line":64,"column":3}},"29":{"start":{"line":66,"column":1},"end":{"line":70,"column":3}},"30":{"start":{"line":71,"column":1},"end":{"line":71,"column":37}},"31":{"start":{"line":72,"column":1},"end":{"line":72,"column":22}},"32":{"start":{"line":74,"column":1},"end":{"line":74,"column":91}},"33":{"start":{"line":76,"column":1},"end":{"line":76,"column":15}},"34":{"start":{"line":77,"column":1},"end":{"line":77,"column":18}},"35":{"start":{"line":78,"column":1},"end":{"line":83,"column":3}},"36":{"start":{"line":80,"column":2},"end":{"line":80,"column":21}},"37":{"start":{"line":80,"column":11},"end":{"line":80,"column":21}},"38":{"start":{"line":82,"column":2},"end":{"line":82,"column":53}},"39":{"start":{"line":86,"column":0},"end":{"line":89,"column":2}},"40":{"start":{"line":91,"column":0},"end":{"line":95,"column":1}},"41":{"start":{"line":93,"column":1},"end":{"line":93,"column":23}},"42":{"start":{"line":94,"column":1},"end":{"line":94,"column":16}},"43":{"start":{"line":97,"column":0},"end":{"line":97,"column":26}},"44":{"start":{"line":98,"column":0},"end":{"line":98,"column":27}}},"branchMap":{"1":{"line":21,"type":"if","locations":[{"start":{"line":21,"column":2},"end":{"line":21,"column":2}},{"start":{"line":21,"column":2},"end":{"line":21,"column":2}}]},"2":{"line":42,"type":"if","locations":[{"start":{"line":42,"column":2},"end":{"line":42,"column":2}},{"start":{"line":42,"column":2},"end":{"line":42,"column":2}}]},"3":{"line":80,"type":"if","locations":[{"start":{"line":80,"column":2},"end":{"line":80,"column":2}},{"start":{"line":80,"column":2},"end":{"line":80,"column":2}}]}}}}